\BOOKMARK [0][-]{chapter.1}{\376\377\000I\000n\000t\000r\000o\000d\000u\000c\000t\000i\000o\000n}{}% 1
\BOOKMARK [0][-]{chapter.2}{\376\377\000C\000o\000n\000t\000e\000x\000t\000e\000\040\000e\000t\000\040\000a\000n\000a\000l\000y\000s\000e\000\040\000p\000r\000\351\000l\000i\000m\000i\000n\000a\000i\000r\000e}{}% 2
\BOOKMARK [1][-]{section.2.1}{\376\377\000P\000a\000n\000o\000r\000a\000m\000a\000\040\000d\000e\000s\000\040\000a\000p\000p\000l\000i\000c\000a\000t\000i\000o\000n\000s\000\040\000d\000e\000\040\000m\000e\000s\000s\000a\000g\000e\000r\000i\000e}{chapter.2}% 3
\BOOKMARK [1][-]{section.2.2}{\376\377\000A\000n\000a\000l\000y\000s\000e\000\040\000d\000e\000\040\000l\000a\000\040\000c\000o\000n\000c\000u\000r\000r\000e\000n\000c\000e}{chapter.2}% 4
\BOOKMARK [1][-]{section.2.3}{\376\377\000T\000e\000c\000h\000n\000o\000l\000o\000g\000i\000e\000s\000\040\000p\000r\000i\000n\000c\000i\000p\000a\000l\000e\000s\000\040\000i\000m\000p\000l\000i\000q\000u\000\351\000e\000s}{chapter.2}% 5
\BOOKMARK [0][-]{chapter.3}{\376\377\000D\000\351\000v\000e\000l\000o\000p\000p\000e\000m\000e\000n\000t\000\040\000d\000u\000\040\000p\000r\000o\000j\000e\000t}{}% 6
\BOOKMARK [1][-]{section.3.1}{\376\377\000A\000n\000a\000l\000y\000s\000e\000\040\000d\000e\000s\000\040\000b\000e\000s\000o\000i\000n\000s\000\040\000e\000t\000\040\000s\000p\000\351\000c\000i\000f\000i\000c\000a\000t\000i\000o\000n\000s}{chapter.3}% 7
\BOOKMARK [1][-]{section.3.2}{\376\377\000D\000\351\000v\000e\000l\000o\000p\000p\000e\000m\000e\000n\000t\000\040\000d\000u\000\040\000c\000l\000i\000e\000n\000t\000\040\000\050\000F\000l\000u\000t\000t\000e\000r\000\051}{chapter.3}% 8
\BOOKMARK [1][-]{section.3.3}{\376\377\000D\000\351\000v\000e\000l\000o\000p\000p\000e\000m\000e\000n\000t\000\040\000d\000u\000\040\000s\000e\000r\000v\000e\000u\000r\000\040\000\050\000A\000S\000P\000.\000N\000E\000T\000\040\000C\000o\000r\000e\000\051}{chapter.3}% 9
\BOOKMARK [1][-]{section.3.4}{\376\377\000F\000o\000n\000c\000t\000i\000o\000n\000n\000a\000l\000i\000t\000\351\000s\000\040\000a\000v\000a\000n\000c\000\351\000e\000s}{chapter.3}% 10
\BOOKMARK [1][-]{section.3.5}{\376\377\000T\000e\000s\000t\000s\000\040\000e\000t\000\040\000d\000\351\000b\000o\000g\000a\000g\000e}{chapter.3}% 11
\BOOKMARK [0][-]{chapter.4}{\376\377\000R\000\351\000s\000u\000l\000t\000a\000t\000s\000\040\000o\000b\000t\000e\000n\000u\000s}{}% 12
\BOOKMARK [1][-]{section.4.1}{\376\377\000\311\000t\000a\000t\000\040\000a\000c\000t\000u\000e\000l\000\040\000d\000e\000\040\000l\000'\000a\000p\000p\000l\000i\000c\000a\000t\000i\000o\000n}{chapter.4}% 13
\BOOKMARK [1][-]{section.4.2}{\376\377\000C\000o\000m\000p\000a\000r\000a\000i\000s\000o\000n\000\040\000a\000v\000e\000c\000\040\000l\000e\000s\000\040\000o\000b\000j\000e\000c\000t\000i\000f\000s\000\040\000i\000n\000i\000t\000i\000a\000u\000x}{chapter.4}% 14
\BOOKMARK [1][-]{section.4.3}{\376\377\000C\000a\000p\000t\000u\000r\000e\000s\000\040\000d\040\031\000\351\000c\000r\000a\000n\000\040\000d\000e\000\040\000l\040\031\000a\000p\000p\000l\000i\000c\000a\000t\000i\000o\000n}{chapter.4}% 15
\BOOKMARK [0][-]{chapter.5}{\376\377\000D\000i\000f\000f\000i\000c\000u\000l\000t\000\351\000s\000\040\000r\000e\000n\000c\000o\000n\000t\000r\000\351\000e\000s}{}% 16
\BOOKMARK [1][-]{section.5.1}{\376\377\000D\000i\000f\000f\000i\000c\000u\000l\000t\000\351\000s\000\040\000t\000e\000c\000h\000n\000i\000q\000u\000e\000s}{chapter.5}% 17
\BOOKMARK [1][-]{section.5.2}{\376\377\000H\000\351\000b\000e\000r\000g\000e\000m\000e\000n\000t\000\040\000e\000t\000\040\000b\000u\000d\000g\000e\000t}{chapter.5}% 18
\BOOKMARK [1][-]{section.5.3}{\376\377\000D\000i\000f\000f\000i\000c\000u\000l\000t\000\351\000s\000\040\000o\000r\000g\000a\000n\000i\000s\000a\000t\000i\000o\000n\000n\000e\000l\000l\000e\000s}{chapter.5}% 19
\BOOKMARK [1][-]{section.5.4}{\376\377\000C\000o\000m\000m\000e\000n\000t\000\040\000j\040\031\000a\000i\000\040\000s\000u\000r\000m\000o\000n\000t\000\351\000\040\000l\000e\000s\000\040\000d\000i\000f\000f\000i\000c\000u\000l\000t\000\351\000s}{chapter.5}% 20
\BOOKMARK [0][-]{chapter.6}{\376\377\000B\000i\000l\000a\000n\000\040\000p\000e\000r\000s\000o\000n\000n\000e\000l}{}% 21
\BOOKMARK [0][-]{chapter.7}{\376\377\000C\000o\000n\000c\000l\000u\000s\000i\000o\000n}{}% 22
\BOOKMARK [0][-]{chapter.8}{\376\377\000S\000o\000u\000r\000c\000e\000s\000\040\000e\000t\000\040\000b\000i\000b\000l\000i\000o\000g\000r\000a\000p\000h\000i\000e}{}% 23
\BOOKMARK [1][-]{section.8.1}{\376\377\000D\000o\000c\000u\000m\000e\000n\000t\000a\000t\000i\000o\000n\000s\000\040\000o\000f\000f\000i\000c\000i\000e\000l\000l\000e\000s\000\040\000c\000o\000n\000s\000u\000l\000t\000\351\000e\000s}{chapter.8}% 24
\BOOKMARK [1][-]{section.8.2}{\376\377\000T\000u\000t\000o\000r\000i\000e\000l\000s\000,\000\040\000a\000r\000t\000i\000c\000l\000e\000s\000\040\000e\000t\000\040\000f\000o\000r\000u\000m\000s}{chapter.8}% 25
\BOOKMARK [1][-]{section.8.3}{\376\377\000O\000u\000t\000i\000l\000s\000\040\000d\040\031\000a\000s\000s\000i\000s\000t\000a\000n\000c\000e}{chapter.8}% 26
\BOOKMARK [1][-]{section.8.4}{\376\377\000O\000u\000t\000i\000l\000s\000\040\000d\000e\000\040\000d\000\351\000v\000e\000l\000o\000p\000p\000e\000m\000e\000n\000t}{chapter.8}% 27
\BOOKMARK [1][-]{section.8.5}{\376\377\000A\000u\000t\000r\000e\000s\000\040\000i\000n\000s\000p\000i\000r\000a\000t\000i\000o\000n\000s\000\040\000e\000t\000\040\000c\000o\000n\000n\000a\000i\000s\000s\000a\000n\000c\000e\000s\000\040\000u\000t\000i\000l\000e\000s}{chapter.8}% 28
\BOOKMARK [0][-]{chapter.9}{\376\377\000A\000n\000n\000e\000x\000e\000s}{}% 29
\BOOKMARK [1][-]{section.9.1}{\376\377\000C\000o\000d\000e\000\040\000s\000o\000u\000r\000c\000e}{chapter.9}% 30
\BOOKMARK [1][-]{section.9.2}{\376\377\000D\000i\000a\000g\000r\000a\000m\000m\000e\000s}{chapter.9}% 31
\BOOKMARK [1][-]{section.9.3}{\376\377\000I\000c\000\364\000n\000e\000s\000\040\000d\000e\000\040\000l\040\031\000a\000p\000p\000l\000i\000c\000a\000t\000i\000o\000n}{chapter.9}% 32
\BOOKMARK [1][-]{section.9.4}{\376\377\000S\000t\000r\000u\000c\000t\000u\000r\000e\000\040\000d\000u\000\040\000s\000e\000r\000v\000e\000u\000r}{chapter.9}% 33
\BOOKMARK [2][-]{subsection.9.4.1}{\376\377\000U\000s\000e\000r\000.\000c\000s}{section.9.4}% 34
\BOOKMARK [2][-]{subsection.9.4.2}{\376\377\000S\000i\000g\000n\000a\000l\000.\000c\000s}{section.9.4}% 35
\BOOKMARK [2][-]{subsection.9.4.3}{\376\377\000A\000c\000c\000o\000u\000n\000t\000.\000c\000s}{section.9.4}% 36
\BOOKMARK [2][-]{subsection.9.4.4}{\376\377\000P\000r\000o\000g\000r\000a\000m\000.\000c\000s\000\040\000\050\000E\000n\000t\000r\000y\000\040\000p\000o\000i\000n\000t\000\051}{section.9.4}% 37
\BOOKMARK [2][-]{subsection.9.4.5}{\376\377\000S\000e\000r\000v\000e\000r\000.\000c\000s}{section.9.4}% 38
\BOOKMARK [2][-]{subsection.9.4.6}{\376\377\000A\000u\000t\000h\000e\000n\000t\000i\000c\000a\000t\000o\000r\000.\000c\000s}{section.9.4}% 39
\BOOKMARK [2][-]{subsection.9.4.7}{\376\377\000A\000c\000c\000o\000u\000n\000t\000s\000M\000a\000n\000a\000g\000e\000r\000.\000c\000s}{section.9.4}% 40
\BOOKMARK [2][-]{subsection.9.4.8}{\376\377\000M\000e\000s\000s\000a\000g\000e\000s\000.\000c\000s}{section.9.4}% 41
